Determining if the pthread_create exist failed with the following output:
Change Dir: /home/joseph/workspace_catkin/build/CMakeFiles/CMakeTmp

Run Build Command:/usr/bin/make "cmTryCompileExec765349333/fast"
/usr/bin/make -f CMakeFiles/cmTryCompileExec765349333.dir/build.make CMakeFiles/cmTryCompileExec765349333.dir/build
make[1]: Entering directory `/home/joseph/workspace_catkin/build/CMakeFiles/CMakeTmp'
/usr/bin/cmake -E cmake_progress_report /home/joseph/workspace_catkin/build/CMakeFiles/CMakeTmp/CMakeFiles 1
Building C object CMakeFiles/cmTryCompileExec765349333.dir/CheckSymbolExists.c.o
/usr/bin/cc    -o CMakeFiles/cmTryCompileExec765349333.dir/CheckSymbolExists.c.o   -c /home/joseph/workspace_catkin/build/CMakeFiles/CMakeTmp/CheckSymbolExists.c
Linking C executable cmTryCompileExec765349333
/usr/bin/cmake -E cmake_link_script CMakeFiles/cmTryCompileExec765349333.dir/link.txt --verbose=1
/usr/bin/cc       CMakeFiles/cmTryCompileExec765349333.dir/CheckSymbolExists.c.o  -o cmTryCompileExec765349333 -rdynamic 
CMakeFiles/cmTryCompileExec765349333.dir/CheckSymbolExists.c.o: In function `main':
CheckSymbolExists.c:(.text+0x16): undefined reference to `pthread_create'
collect2: error: ld returned 1 exit status
make[1]: Leaving directory `/home/joseph/workspace_catkin/build/CMakeFiles/CMakeTmp'
make[1]: *** [cmTryCompileExec765349333] Error 1
make: *** [cmTryCompileExec765349333/fast] Error 2

File /home/joseph/workspace_catkin/build/CMakeFiles/CMakeTmp/CheckSymbolExists.c:
/* */
#include <pthread.h>

int main(int argc, char** argv)
{
  (void)argv;
#ifndef pthread_create
  return ((int*)(&pthread_create))[argc];
#else
  (void)argc;
  return 0;
#endif
}

Determining if the function pthread_create exists in the pthreads failed with the following output:
Change Dir: /home/joseph/workspace_catkin/build/CMakeFiles/CMakeTmp

Run Build Command:/usr/bin/make "cmTryCompileExec3611845001/fast"
/usr/bin/make -f CMakeFiles/cmTryCompileExec3611845001.dir/build.make CMakeFiles/cmTryCompileExec3611845001.dir/build
make[1]: Entering directory `/home/joseph/workspace_catkin/build/CMakeFiles/CMakeTmp'
/usr/bin/cmake -E cmake_progress_report /home/joseph/workspace_catkin/build/CMakeFiles/CMakeTmp/CMakeFiles 1
Building C object CMakeFiles/cmTryCompileExec3611845001.dir/CheckFunctionExists.c.o
/usr/bin/cc   -DCHECK_FUNCTION_EXISTS=pthread_create   -o CMakeFiles/cmTryCompileExec3611845001.dir/CheckFunctionExists.c.o   -c /usr/share/cmake-2.8/Modules/CheckFunctionExists.c
Linking C executable cmTryCompileExec3611845001
/usr/bin/cmake -E cmake_link_script CMakeFiles/cmTryCompileExec3611845001.dir/link.txt --verbose=1
/usr/bin/cc   -DCHECK_FUNCTION_EXISTS=pthread_create    CMakeFiles/cmTryCompileExec3611845001.dir/CheckFunctionExists.c.o  -o cmTryCompileExec3611845001 -rdynamic -lpthreads 
/usr/bin/ld: cannot find -lpthreads
collect2: error: ld returned 1 exit status
make[1]: Leaving directory `/home/joseph/workspace_catkin/build/CMakeFiles/CMakeTmp'
make[1]: *** [cmTryCompileExec3611845001] Error 1
make: *** [cmTryCompileExec3611845001/fast] Error 2


