Determining if the pthread_create exist failed with the following output:
Change Dir: /home/joseph/workspace_catkin/src/build-waiting_list-Desktop_Qt_5_5_1_GCC_64bit-Default/CMakeFiles/CMakeTmp

Run Build Command:/usr/bin/make "cmTryCompileExec3432654964/fast"
/usr/bin/make -f CMakeFiles/cmTryCompileExec3432654964.dir/build.make CMakeFiles/cmTryCompileExec3432654964.dir/build
make[1]: Entering directory `/home/joseph/workspace_catkin/src/build-waiting_list-Desktop_Qt_5_5_1_GCC_64bit-Default/CMakeFiles/CMakeTmp'
/usr/bin/cmake -E cmake_progress_report /home/joseph/workspace_catkin/src/build-waiting_list-Desktop_Qt_5_5_1_GCC_64bit-Default/CMakeFiles/CMakeTmp/CMakeFiles 1
Building C object CMakeFiles/cmTryCompileExec3432654964.dir/CheckSymbolExists.c.o
/usr/bin/cc    -o CMakeFiles/cmTryCompileExec3432654964.dir/CheckSymbolExists.c.o   -c /home/joseph/workspace_catkin/src/build-waiting_list-Desktop_Qt_5_5_1_GCC_64bit-Default/CMakeFiles/CMakeTmp/CheckSymbolExists.c
Linking C executable cmTryCompileExec3432654964
/usr/bin/cmake -E cmake_link_script CMakeFiles/cmTryCompileExec3432654964.dir/link.txt --verbose=1
/usr/bin/cc       CMakeFiles/cmTryCompileExec3432654964.dir/CheckSymbolExists.c.o  -o cmTryCompileExec3432654964 -rdynamic 
CMakeFiles/cmTryCompileExec3432654964.dir/CheckSymbolExists.c.o: In function `main':
CheckSymbolExists.c:(.text+0x16): undefined reference to `pthread_create'
collect2: error: ld returned 1 exit status
make[1]: Leaving directory `/home/joseph/workspace_catkin/src/build-waiting_list-Desktop_Qt_5_5_1_GCC_64bit-Default/CMakeFiles/CMakeTmp'
make[1]: *** [cmTryCompileExec3432654964] Error 1
make: *** [cmTryCompileExec3432654964/fast] Error 2

File /home/joseph/workspace_catkin/src/build-waiting_list-Desktop_Qt_5_5_1_GCC_64bit-Default/CMakeFiles/CMakeTmp/CheckSymbolExists.c:
/* */
#include <pthread.h>

int main(int argc, char** argv)
{
  (void)argv;
#ifndef pthread_create
  return ((int*)(&pthread_create))[argc];
#else
  (void)argc;
  return 0;
#endif
}

Determining if the function pthread_create exists in the pthreads failed with the following output:
Change Dir: /home/joseph/workspace_catkin/src/build-waiting_list-Desktop_Qt_5_5_1_GCC_64bit-Default/CMakeFiles/CMakeTmp

Run Build Command:/usr/bin/make "cmTryCompileExec934187590/fast"
/usr/bin/make -f CMakeFiles/cmTryCompileExec934187590.dir/build.make CMakeFiles/cmTryCompileExec934187590.dir/build
make[1]: Entering directory `/home/joseph/workspace_catkin/src/build-waiting_list-Desktop_Qt_5_5_1_GCC_64bit-Default/CMakeFiles/CMakeTmp'
/usr/bin/cmake -E cmake_progress_report /home/joseph/workspace_catkin/src/build-waiting_list-Desktop_Qt_5_5_1_GCC_64bit-Default/CMakeFiles/CMakeTmp/CMakeFiles 1
Building C object CMakeFiles/cmTryCompileExec934187590.dir/CheckFunctionExists.c.o
/usr/bin/cc   -DCHECK_FUNCTION_EXISTS=pthread_create   -o CMakeFiles/cmTryCompileExec934187590.dir/CheckFunctionExists.c.o   -c /usr/share/cmake-2.8/Modules/CheckFunctionExists.c
Linking C executable cmTryCompileExec934187590
/usr/bin/cmake -E cmake_link_script CMakeFiles/cmTryCompileExec934187590.dir/link.txt --verbose=1
/usr/bin/cc   -DCHECK_FUNCTION_EXISTS=pthread_create    CMakeFiles/cmTryCompileExec934187590.dir/CheckFunctionExists.c.o  -o cmTryCompileExec934187590 -rdynamic -lpthreads 
/usr/bin/ld: cannot find -lpthreads
collect2: error: ld returned 1 exit status
make[1]: Leaving directory `/home/joseph/workspace_catkin/src/build-waiting_list-Desktop_Qt_5_5_1_GCC_64bit-Default/CMakeFiles/CMakeTmp'
make[1]: *** [cmTryCompileExec934187590] Error 1
make: *** [cmTryCompileExec934187590/fast] Error 2


